DEBUG:Chroma:Logger created
DEBUG:Chroma:Logger created
DEBUG:Chroma:Logger created
DEBUG:Chroma:Logger created
DEBUG:Chroma:Logger created
DEBUG:Chroma:Logger created
DEBUG:Chroma:Logger created
DEBUG:Chroma:Logger created
DEBUG:Chroma:Logger created
DEBUG:Chroma:Logger created
DEBUG:Chroma:Logger created
DEBUG:Chroma:Logger created
DEBUG:Chroma:Logger created
DEBUG:Chroma:Logger created
DEBUG:Chroma:Logger created
DEBUG:Chroma:Logger created
DEBUG:Chroma:Logger created
DEBUG:Chroma:Logger created
DEBUG:Chroma:Logger created
DEBUG:Chroma:Logger created
DEBUG:Chroma:Logger created
DEBUG:Chroma:Logger created
DEBUG:Chroma:Logger created
DEBUG:Chroma:Logger created
DEBUG:Chroma:Logger created
DEBUG:Chroma:Logger created
DEBUG:Chroma:Index not found
DEBUG:Chroma:Index saved to {self._save_folder}/index.bin
DEBUG:Chroma:Index saved to {self._save_folder}/index.bin
DEBUG:Chroma:time to pre process our knn query: 2.6226043701171875e-06
DEBUG:Chroma:time to run knn query: 0.00013899803161621094
DEBUG:Chroma:Logger created
DEBUG:Chroma:Index not found
DEBUG:Chroma:Index saved to {self._save_folder}/index.bin
DEBUG:Chroma:Index saved to {self._save_folder}/index.bin
DEBUG:Chroma:time to pre process our knn query: 2.384185791015625e-06
DEBUG:Chroma:time to run knn query: 0.00013399124145507812
DEBUG:Chroma:Logger created
DEBUG:Chroma:Index not found
DEBUG:Chroma:Index saved to {self._save_folder}/index.bin
DEBUG:Chroma:Index saved to {self._save_folder}/index.bin
DEBUG:Chroma:time to pre process our knn query: 2.6226043701171875e-06
DEBUG:Chroma:time to run knn query: 0.00010824203491210938
DEBUG:Chroma:Logger created
DEBUG:Chroma:Index not found
DEBUG:Chroma:Index saved to {self._save_folder}/index.bin
DEBUG:Chroma:Index saved to {self._save_folder}/index.bin
DEBUG:Chroma:Logger created
DEBUG:Chroma:Index not found
DEBUG:Chroma:Index saved to {self._save_folder}/index.bin
DEBUG:Chroma:Index saved to {self._save_folder}/index.bin
DEBUG:Chroma:time to pre process our knn query: 2.384185791015625e-06
DEBUG:Chroma:time to run knn query: 0.00012135505676269531
DEBUG:Chroma:Logger created
DEBUG:Chroma:Logger created
DEBUG:Chroma:Index not found
DEBUG:Chroma:Index saved to {self._save_folder}/index.bin
DEBUG:Chroma:Index saved to {self._save_folder}/index.bin
DEBUG:Chroma:time to pre process our knn query: 2.6226043701171875e-06
DEBUG:Chroma:time to run knn query: 0.0003046989440917969
